<?xml version="1.0" encoding="UTF-8"?>
<!-- Generated by org.testng.reporters.JUnitReportReporter -->
<testsuite hostname="WTIN05202438L" failures="0" tests="1" name="excel.Excel_RESTAssured.ExcelDriven" time="4.221" errors="0" timestamp="22 Jun 2020 18:58:04 GMT" skipped="0">
  <testcase classname="excel.Excel_RESTAssured.ExcelDriven" name="addBook" time="4.221"/>
</testsuite> <!-- excel.Excel_RESTAssured.ExcelDriven -->
